C:\Program Files\Microsoft Visual Studio\2022\Community\MSBuild\Microsoft\VC\v150\Platforms\Win32\PlatformToolsets\v141_xp\Toolset.targets(39,5): warning MSB8051: Support for targeting Windows XP is deprecated and will not be present in future releases of Visual Studio. Please see https://go.microsoft.com/fwlink/?linkid=2023588 for more information.
  Source.cpp
c:\users\elias\source\repos\lotanium\lotanium\source.cpp(370): warning C4244: 'initializing': conversion from 'double' to 'int', possible loss of data
c:\users\elias\source\repos\lotanium\lotanium\source.cpp(375): warning C4244: '*=': conversion from 'double' to 'float', possible loss of data
c:\users\elias\source\repos\lotanium\lotanium\source.cpp(605): warning C4244: '=': conversion from 'double' to 'float', possible loss of data
c:\users\elias\source\repos\lotanium\lotanium\source.cpp(620): warning C4244: 'initializing': conversion from 'double' to 'int', possible loss of data
c:\users\elias\source\repos\lotanium\lotanium\source.cpp(626): warning C4244: 'initializing': conversion from 'double' to 'int', possible loss of data
c:\users\elias\source\repos\lotanium\lotanium\source.cpp(681): warning C4244: '=': conversion from 'double' to 'float', possible loss of data
c:\users\elias\source\repos\lotanium\lotanium\source.cpp(696): warning C4244: 'initializing': conversion from 'double' to 'int', possible loss of data
c:\users\elias\source\repos\lotanium\lotanium\source.cpp(702): warning C4244: 'initializing': conversion from 'double' to 'int', possible loss of data
c:\users\elias\source\repos\lotanium\lotanium\source.cpp(757): warning C4244: '=': conversion from 'double' to 'float', possible loss of data
c:\users\elias\source\repos\lotanium\lotanium\source.cpp(772): warning C4244: 'initializing': conversion from 'double' to 'int', possible loss of data
c:\users\elias\source\repos\lotanium\lotanium\source.cpp(778): warning C4244: 'initializing': conversion from 'double' to 'int', possible loss of data
c:\users\elias\source\repos\lotanium\lotanium\source.cpp(833): warning C4244: '=': conversion from 'double' to 'float', possible loss of data
c:\users\elias\source\repos\lotanium\lotanium\source.cpp(848): warning C4244: 'initializing': conversion from 'double' to 'int', possible loss of data
c:\users\elias\source\repos\lotanium\lotanium\source.cpp(854): warning C4244: 'initializing': conversion from 'double' to 'int', possible loss of data
c:\users\elias\source\repos\lotanium\lotanium\source.cpp(919): warning C4244: '=': conversion from 'DWORD' to 'char', possible loss of data
c:\users\elias\source\repos\lotanium\lotanium\source.cpp(934): warning C4293: '>>': shift count negative or too big, undefined behavior
c:\users\elias\source\repos\lotanium\lotanium\source.cpp(934): warning C4244: '=': conversion from 'unsigned long' to 'char', possible loss of data
c:\users\elias\source\repos\lotanium\lotanium\source.cpp(949): warning C4244: '=': conversion from 'unsigned long' to 'char', possible loss of data
c:\users\elias\source\repos\lotanium\lotanium\source.cpp(964): warning C4244: '=': conversion from 'DWORD' to 'char', possible loss of data
c:\users\elias\source\repos\lotanium\lotanium\source.cpp(979): warning C4244: '=': conversion from 'unsigned long' to 'char', possible loss of data
c:\users\elias\source\repos\lotanium\lotanium\source.cpp(994): warning C4244: '=': conversion from 'unsigned long' to 'char', possible loss of data
c:\users\elias\source\repos\lotanium\lotanium\source.cpp(1009): warning C4244: '=': conversion from 'unsigned long' to 'char', possible loss of data
c:\users\elias\source\repos\lotanium\lotanium\source.cpp(1024): warning C4244: '=': conversion from 'unsigned long' to 'char', possible loss of data
     Creating library C:\Users\Elias\source\repos\Lotanium\Release\Lotanium.lib and object C:\Users\Elias\source\repos\Lotanium\Release\Lotanium.exp
  Generating code
  1 of 37 functions ( 2.7%) were compiled, the rest were copied from previous compilation.
    0 functions were new in current compilation
    0 functions had inline decision re-evaluated but remain unchanged
  Finished generating code
  Lotanium.vcxproj -> C:\Users\Elias\source\repos\Lotanium\Release\Lotanium.exe
